<?xml version="1.0" encoding="UTF-8"?>
<testng-results ignored="0" total="1" passed="1" failed="0" skipped="0">
  <reporter-output>
    <line>
      <![CDATA[<b>Step 1: Launched URL</b> <br />]]>
    </line>
    <line>
      <![CDATA[<b>Step 2: Select Image from system</b> <br />]]>
    </line>
    <line>
      <![CDATA[<b>Step 3: Image uploaded successfully</b> <br />]]>
    </line>
    <line>
      <![CDATA[<b>Step 4: Added Name</b> <br />]]>
    </line>
    <line>
      <![CDATA[<b>Step 5: Added Email</b> <br />]]>
    </line>
    <line>
      <![CDATA[<b>Step 6: Added Website</b> <br />]]>
    </line>
    <line>
      <![CDATA[<b>Step 7: Added Experience</b> <br />]]>
    </line>
    <line>
      <![CDATA[<b>Step 8: Added Expertise</b> <br />]]>
    </line>
    <line>
      <![CDATA[<b>Step 9: Added Education</b> <br />]]>
    </line>
    <line>
      <![CDATA[<b>Step 10: Added Comment</b> <br />]]>
    </line>
    <line>
      <![CDATA[<b>Step 11: Clicked on submit</b> <br />]]>
    </line>
    <line>
      <![CDATA[<b>Step 12: Verified all the submitted details</b> <br />]]>
    </line>
    <line>
      <![CDATA[<b>*Data extracted from excel file*</b> <br />]]>
    </line>
  </reporter-output>
  <suite started-at="2022-09-24T15:57:25 GMT-07:00" name="Default suite" finished-at="2022-09-24T15:58:00 GMT-07:00" duration-ms="35235">
    <groups>
    </groups>
    <test started-at="2022-09-24T15:57:25 GMT-07:00" name="Default test" finished-at="2022-09-24T15:58:00 GMT-07:00" duration-ms="35235">
      <class name="framework.Demo.Script1">
        <test-method is-config="true" signature="excelReader()[pri:0, instance:framework.Demo.Script1@52b1beb6]" started-at="2022-09-24T15:57:25 GMT-07:00" name="excelReader" finished-at="2022-09-24T15:57:25 GMT-07:00" duration-ms="483" status="PASS">
          <reporter-output>
          </reporter-output>
        </test-method> <!-- excelReader -->
        <test-method is-config="true" signature="Setup()[pri:0, instance:framework.Demo.Script1@52b1beb6]" started-at="2022-09-24T15:57:25 GMT-07:00" name="Setup" finished-at="2022-09-24T15:57:30 GMT-07:00" duration-ms="4942" status="PASS">
          <reporter-output>
          </reporter-output>
        </test-method> <!-- Setup -->
        <test-method signature="Form()[pri:0, instance:framework.Demo.Script1@52b1beb6]" started-at="2022-09-24T15:57:30 GMT-07:00" name="Form" finished-at="2022-09-24T15:58:00 GMT-07:00" duration-ms="29789" status="PASS">
          <reporter-output>
            <line>
              <![CDATA[<b>Step 1: Launched URL</b> <br />]]>
            </line>
            <line>
              <![CDATA[<b>Step 2: Select Image from system</b> <br />]]>
            </line>
            <line>
              <![CDATA[<b>Step 3: Image uploaded successfully</b> <br />]]>
            </line>
            <line>
              <![CDATA[<b>Step 4: Added Name</b> <br />]]>
            </line>
            <line>
              <![CDATA[<b>Step 5: Added Email</b> <br />]]>
            </line>
            <line>
              <![CDATA[<b>Step 6: Added Website</b> <br />]]>
            </line>
            <line>
              <![CDATA[<b>Step 7: Added Experience</b> <br />]]>
            </line>
            <line>
              <![CDATA[<b>Step 8: Added Expertise</b> <br />]]>
            </line>
            <line>
              <![CDATA[<b>Step 9: Added Education</b> <br />]]>
            </line>
            <line>
              <![CDATA[<b>Step 10: Added Comment</b> <br />]]>
            </line>
            <line>
              <![CDATA[<b>Step 11: Clicked on submit</b> <br />]]>
            </line>
            <line>
              <![CDATA[<b>Step 12: Verified all the submitted details</b> <br />]]>
            </line>
            <line>
              <![CDATA[<b>*Data extracted from excel file*</b> <br />]]>
            </line>
          </reporter-output>
        </test-method> <!-- Form -->
      </class> <!-- framework.Demo.Script1 -->
    </test> <!-- Default test -->
  </suite> <!-- Default suite -->
</testng-results>
