<?xml version="1.0" encoding="UTF-8"?>
<!-- Generated by org.testng.reporters.JUnitXMLReporter -->
<testsuite ignored="0" hostname="DESKTOP-4VVVEVG" failures="1" tests="1" name="Admin Login" time="25.948" errors="0" timestamp="2022-09-25T03:56:46 GMT-07:00">
  <testcase classname="framework.TakeCode.Admin_Login" name="Moderator_login" time="24.223">
    <failure type="java.lang.AssertionError" message="UserName is worng... expected [false] but found [true]">
      <![CDATA[java.lang.AssertionError: UserName is worng... expected [false] but found [true]
at framework.TakeCode.pageClass.login_pageObject.verifyNameAfterLogin(login_pageObject.java:46)
at framework.TakeCode.Admin_Login.Moderator_login(Admin_Login.java:47)
at java.base/java.util.ArrayList.forEach(ArrayList.java:1511)
... Removed 34 stack frames]]>
    </failure>
  </testcase> <!-- Moderator_login -->
</testsuite> <!-- Admin Login -->
