<?xml version="1.0" encoding="UTF-8"?>
<!-- Generated by org.testng.reporters.JUnitXMLReporter -->
<testsuite ignored="0" hostname="DESKTOP-4VVVEVG" failures="1" tests="1" name="User Login" time="27.018" errors="0" timestamp="2022-09-25T03:56:20 GMT-07:00">
  <testcase classname="framework.TakeCode.Login" name="login" time="24.097">
    <failure type="java.lang.AssertionError" message="UserName is worng... expected [false] but found [true]">
      <![CDATA[java.lang.AssertionError: UserName is worng... expected [false] but found [true]
at framework.TakeCode.pageClass.login_pageObject.verifyNameAfterLogin(login_pageObject.java:46)
at framework.TakeCode.Login.login(Login.java:47)
at java.base/java.util.ArrayList.forEach(ArrayList.java:1511)
... Removed 34 stack frames]]>
    </failure>
  </testcase> <!-- login -->
</testsuite> <!-- User Login -->
